06:40:16 PM: DEBUG [conexion.py:26] Se obtuvo pool correctamente
06:41:28 PM: DEBUG [user_dao.py:16] Usuario creado: ('andres', '123', 'andres222') 
06:42:38 PM: DEBUG [user_dao.py:16] Usuario creado: ('andres', '1234', 'andres1231') 
06:44:00 PM: DEBUG [user_dao.py:16] Usuario creado: ('andres', '1234', 'andres1231') 
06:44:28 PM: DEBUG [conexion.py:26] Se obtuvo pool correctamente
06:44:28 PM: DEBUG [user_dao.py:16] Usuario creado: ('andres', '1233', 'andres1') 
07:01:55 PM: DEBUG [conexion.py:26] Se obtuvo pool correctamente
07:02:39 PM: DEBUG [conexion.py:26] Se obtuvo pool correctamente
07:03:03 PM: DEBUG [conexion.py:26] Se obtuvo pool correctamente
07:03:51 PM: DEBUG [conexion.py:26] Se obtuvo pool correctamente
07:05:08 PM: DEBUG [conexion.py:26] Se obtuvo pool correctamente
07:06:31 PM: DEBUG [conexion.py:26] Se obtuvo pool correctamente
07:06:31 PM: DEBUG [user_dao.py:45] usuario None
07:07:19 PM: DEBUG [conexion.py:26] Se obtuvo pool correctamente
07:07:19 PM: DEBUG [user_dao.py:45] usuario no encontrado
07:11:03 PM: DEBUG [conexion.py:26] Se obtuvo pool correctamente
07:11:24 PM: DEBUG [conexion.py:26] Se obtuvo pool correctamente
07:12:09 PM: DEBUG [conexion.py:26] Se obtuvo pool correctamente
07:12:24 PM: DEBUG [conexion.py:26] Se obtuvo pool correctamente
07:13:21 PM: DEBUG [conexion.py:26] Se obtuvo pool correctamente
07:14:10 PM: DEBUG [conexion.py:26] Se obtuvo pool correctamente
07:15:40 PM: DEBUG [conexion.py:26] Se obtuvo pool correctamente
07:17:33 PM: DEBUG [conexion.py:26] Se obtuvo pool correctamente
07:18:12 PM: DEBUG [conexion.py:26] Se obtuvo pool correctamente
07:18:32 PM: DEBUG [conexion.py:26] Se obtuvo pool correctamente
07:18:51 PM: DEBUG [conexion.py:26] Se obtuvo pool correctamente
07:19:09 PM: DEBUG [conexion.py:26] Se obtuvo pool correctamente
07:20:25 PM: DEBUG [conexion.py:26] Se obtuvo pool correctamente
07:20:25 PM: DEBUG [user_dao.py:49] Se encontro el usuario
07:20:38 PM: DEBUG [conexion.py:26] Se obtuvo pool correctamente
07:20:38 PM: DEBUG [user_dao.py:49] Se encontro el usuario
07:21:02 PM: DEBUG [user_dao.py:49] Se encontro el usuario
09:24:08 PM: DEBUG [conexion.py:26] Se obtuvo pool correctamente
09:24:08 PM: DEBUG [user_dao.py:48] Se encontro el usuario
11:18:56 PM: DEBUG [base_logger.py:27] Prueba debug user log
11:19:24 PM: DEBUG [base_logger.py:27] Prueba debug user log
11:19:24 PM: DEBUG [base_logger.py:29] Prueba transaction log
11:44:02 PM: DEBUG [conexion.py:26] Se obtuvo pool correctamente
11:46:55 PM: DEBUG [conexion.py:26] Se obtuvo pool correctamente
11:49:34 PM: DEBUG [conexion.py:26] Se obtuvo pool correctamente
11:53:36 PM: DEBUG [conexion.py:26] Se obtuvo pool correctamente
11:54:24 PM: DEBUG [conexion.py:26] Se obtuvo pool correctamente
11:57:26 PM: DEBUG [conexion.py:26] Se obtuvo pool correctamente
12:00:14 AM: DEBUG [conexion.py:26] Se obtuvo pool correctamente
12:04:00 AM: DEBUG [conexion.py:26] Se obtuvo pool correctamente
12:04:16 AM: DEBUG [conexion.py:26] Se obtuvo pool correctamente
12:06:59 AM: DEBUG [conexion.py:26] Se obtuvo pool correctamente
12:07:15 AM: DEBUG [conexion.py:26] Se obtuvo pool correctamente
12:07:26 AM: DEBUG [conexion.py:26] Se obtuvo pool correctamente
12:07:47 AM: DEBUG [conexion.py:26] Se obtuvo pool correctamente
12:09:35 AM: DEBUG [conexion.py:26] Se obtuvo pool correctamente
12:10:33 AM: DEBUG [conexion.py:26] Se obtuvo pool correctamente
12:10:33 AM: DEBUG [transaction_dao.py:26] Nueva transaction realizada con exito (1, 'gasto', 1, 500, datetime.date(2024, 9, 21), 'Compra de lavaplatos')
12:24:04 AM: DEBUG [conexion.py:26] Se obtuvo pool correctamente
12:24:04 AM: DEBUG [transaction_dao.py:31] Nueva transaction realizada con exito (1, 'gasto', 1, 500, datetime.datetime(2024, 9, 21, 0, 24, 4, 362111), 'Compra de lavaplatos')
12:25:51 AM: DEBUG [conexion.py:26] Se obtuvo pool correctamente
12:26:42 AM: DEBUG [conexion.py:26] Se obtuvo pool correctamente
12:26:57 AM: DEBUG [conexion.py:26] Se obtuvo pool correctamente
12:27:02 AM: DEBUG [conexion.py:26] Se obtuvo pool correctamente
12:27:02 AM: DEBUG [transaction_dao.py:37] Transaction eliminada con exito
12:36:55 AM: DEBUG [conexion.py:26] Se obtuvo pool correctamente
12:38:03 AM: DEBUG [conexion.py:26] Se obtuvo pool correctamente
12:39:20 AM: DEBUG [conexion.py:26] Se obtuvo pool correctamente
12:39:39 AM: DEBUG [conexion.py:26] Se obtuvo pool correctamente
12:40:42 AM: DEBUG [conexion.py:26] Se obtuvo pool correctamente
12:41:21 AM: DEBUG [conexion.py:26] Se obtuvo pool correctamente
12:41:46 AM: DEBUG [conexion.py:26] Se obtuvo pool correctamente
12:42:18 AM: DEBUG [conexion.py:26] Se obtuvo pool correctamente
12:42:32 AM: DEBUG [conexion.py:26] Se obtuvo pool correctamente
12:43:30 AM: DEBUG [conexion.py:26] Se obtuvo pool correctamente
12:46:28 AM: DEBUG [conexion.py:26] Se obtuvo pool correctamente
12:47:26 AM: DEBUG [conexion.py:26] Se obtuvo pool correctamente
12:47:56 AM: DEBUG [conexion.py:26] Se obtuvo pool correctamente
12:49:49 AM: DEBUG [conexion.py:26] Se obtuvo pool correctamente
12:50:08 AM: DEBUG [conexion.py:26] Se obtuvo pool correctamente
12:50:35 AM: DEBUG [conexion.py:26] Se obtuvo pool correctamente
12:51:11 AM: DEBUG [conexion.py:26] Se obtuvo pool correctamente
12:51:11 AM: DEBUG [transaction_dao.py:52] Transaction Actualizad correctamente ('ingreso', 2, 1500, 'Prueba', 4)
01:00:04 AM: DEBUG [conexion.py:26] Se obtuvo pool correctamente
01:01:03 AM: DEBUG [conexion.py:26] Se obtuvo pool correctamente
01:06:04 AM: DEBUG [conexion.py:26] Se obtuvo pool correctamente
01:06:14 AM: DEBUG [conexion.py:26] Se obtuvo pool correctamente
01:07:11 AM: DEBUG [conexion.py:26] Se obtuvo pool correctamente
01:07:19 AM: DEBUG [conexion.py:26] Se obtuvo pool correctamente
01:07:24 AM: DEBUG [conexion.py:26] Se obtuvo pool correctamente
01:07:33 AM: DEBUG [conexion.py:26] Se obtuvo pool correctamente
01:07:42 AM: DEBUG [conexion.py:26] Se obtuvo pool correctamente
01:08:19 AM: DEBUG [conexion.py:26] Se obtuvo pool correctamente
01:08:29 AM: DEBUG [conexion.py:26] Se obtuvo pool correctamente
01:08:40 AM: DEBUG [conexion.py:26] Se obtuvo pool correctamente
01:08:49 AM: DEBUG [conexion.py:26] Se obtuvo pool correctamente
01:15:23 AM: DEBUG [conexion.py:26] Se obtuvo pool correctamente
01:15:39 AM: DEBUG [conexion.py:26] Se obtuvo pool correctamente
01:16:14 AM: DEBUG [conexion.py:26] Se obtuvo pool correctamente
01:16:31 AM: DEBUG [conexion.py:26] Se obtuvo pool correctamente
01:16:53 AM: DEBUG [conexion.py:26] Se obtuvo pool correctamente
01:17:13 AM: DEBUG [conexion.py:26] Se obtuvo pool correctamente
01:17:25 AM: DEBUG [conexion.py:26] Se obtuvo pool correctamente
01:17:57 AM: DEBUG [conexion.py:26] Se obtuvo pool correctamente
01:18:06 AM: DEBUG [conexion.py:26] Se obtuvo pool correctamente
01:18:21 AM: DEBUG [conexion.py:26] Se obtuvo pool correctamente
01:18:55 AM: DEBUG [conexion.py:26] Se obtuvo pool correctamente
01:19:18 AM: DEBUG [conexion.py:26] Se obtuvo pool correctamente
01:19:54 AM: DEBUG [conexion.py:26] Se obtuvo pool correctamente
01:20:02 AM: DEBUG [conexion.py:26] Se obtuvo pool correctamente
01:20:41 AM: DEBUG [conexion.py:26] Se obtuvo pool correctamente
01:20:47 AM: DEBUG [conexion.py:26] Se obtuvo pool correctamente
01:20:51 AM: DEBUG [conexion.py:26] Se obtuvo pool correctamente
01:20:56 AM: DEBUG [conexion.py:26] Se obtuvo pool correctamente
01:31:34 AM: DEBUG [conexion.py:26] Se obtuvo pool correctamente
01:31:47 AM: DEBUG [conexion.py:26] Se obtuvo pool correctamente
01:32:54 AM: DEBUG [conexion.py:26] Se obtuvo pool correctamente
01:32:54 AM: DEBUG [transaction_dao.py:51] Nueva transaction realizada con exito (1, 'gasto', 1, 500, datetime.datetime(2024, 9, 21, 1, 32, 54, 161370), 'Compra de lavaplatos')
06:24:03 PM: DEBUG [conexion.py:26] Se obtuvo pool correctamente
06:24:03 PM: DEBUG [transaction_dao.py:51] Nueva transaction realizada con exito (1, 'gasto', 1, 500, datetime.datetime(2024, 9, 21, 18, 24, 3, 541649), 'Compra de lavaplatos')
06:56:11 PM: DEBUG [conexion.py:26] Se obtuvo pool correctamente
06:56:35 PM: DEBUG [conexion.py:26] Se obtuvo pool correctamente
06:56:57 PM: DEBUG [conexion.py:26] Se obtuvo pool correctamente
06:57:20 PM: DEBUG [conexion.py:26] Se obtuvo pool correctamente
07:06:12 PM: DEBUG [conexion.py:26] Se obtuvo pool correctamente
07:06:25 PM: DEBUG [conexion.py:26] Se obtuvo pool correctamente
07:06:47 PM: DEBUG [conexion.py:26] Se obtuvo pool correctamente
07:07:05 PM: DEBUG [conexion.py:26] Se obtuvo pool correctamente
07:07:43 PM: DEBUG [conexion.py:26] Se obtuvo pool correctamente
07:08:21 PM: DEBUG [conexion.py:26] Se obtuvo pool correctamente
07:09:13 PM: DEBUG [conexion.py:26] Se obtuvo pool correctamente
07:09:31 PM: DEBUG [conexion.py:26] Se obtuvo pool correctamente
07:09:54 PM: DEBUG [conexion.py:26] Se obtuvo pool correctamente
07:10:41 PM: DEBUG [conexion.py:26] Se obtuvo pool correctamente
07:10:51 PM: DEBUG [conexion.py:26] Se obtuvo pool correctamente
07:11:24 PM: DEBUG [conexion.py:26] Se obtuvo pool correctamente
07:11:29 PM: DEBUG [conexion.py:26] Se obtuvo pool correctamente
07:11:55 PM: DEBUG [conexion.py:26] Se obtuvo pool correctamente
07:12:05 PM: DEBUG [conexion.py:26] Se obtuvo pool correctamente
07:12:34 PM: DEBUG [conexion.py:26] Se obtuvo pool correctamente
07:23:28 PM: DEBUG [conexion.py:26] Se obtuvo pool correctamente
07:24:29 PM: DEBUG [conexion.py:26] Se obtuvo pool correctamente
07:24:42 PM: DEBUG [conexion.py:26] Se obtuvo pool correctamente
07:24:53 PM: DEBUG [conexion.py:26] Se obtuvo pool correctamente
07:25:04 PM: DEBUG [conexion.py:26] Se obtuvo pool correctamente
07:25:30 PM: DEBUG [conexion.py:26] Se obtuvo pool correctamente
07:36:29 PM: DEBUG [conexion.py:26] Se obtuvo pool correctamente
07:36:44 PM: DEBUG [conexion.py:26] Se obtuvo pool correctamente
07:38:37 PM: DEBUG [conexion.py:26] Se obtuvo pool correctamente
07:39:28 PM: DEBUG [conexion.py:26] Se obtuvo pool correctamente
07:39:42 PM: DEBUG [conexion.py:26] Se obtuvo pool correctamente
07:40:03 PM: DEBUG [conexion.py:26] Se obtuvo pool correctamente
07:40:35 PM: DEBUG [conexion.py:26] Se obtuvo pool correctamente
07:47:12 PM: DEBUG [conexion.py:26] Se obtuvo pool correctamente
07:47:26 PM: DEBUG [conexion.py:26] Se obtuvo pool correctamente
07:48:07 PM: DEBUG [conexion.py:26] Se obtuvo pool correctamente
07:48:30 PM: DEBUG [conexion.py:26] Se obtuvo pool correctamente
07:48:50 PM: DEBUG [conexion.py:26] Se obtuvo pool correctamente
07:49:38 PM: DEBUG [conexion.py:26] Se obtuvo pool correctamente
07:50:03 PM: DEBUG [conexion.py:26] Se obtuvo pool correctamente
07:50:18 PM: DEBUG [conexion.py:26] Se obtuvo pool correctamente
07:50:32 PM: DEBUG [conexion.py:26] Se obtuvo pool correctamente
07:50:41 PM: DEBUG [conexion.py:26] Se obtuvo pool correctamente
07:50:55 PM: DEBUG [conexion.py:26] Se obtuvo pool correctamente
07:51:16 PM: DEBUG [conexion.py:26] Se obtuvo pool correctamente
07:51:32 PM: DEBUG [conexion.py:26] Se obtuvo pool correctamente
07:56:02 PM: DEBUG [conexion.py:26] Se obtuvo pool correctamente
08:09:08 PM: DEBUG [conexion.py:26] Se obtuvo pool correctamente
08:09:17 PM: DEBUG [conexion.py:26] Se obtuvo pool correctamente
08:09:58 PM: DEBUG [conexion.py:26] Se obtuvo pool correctamente
08:11:18 PM: DEBUG [conexion.py:26] Se obtuvo pool correctamente
08:14:14 PM: DEBUG [conexion.py:26] Se obtuvo pool correctamente
08:15:22 PM: DEBUG [conexion.py:26] Se obtuvo pool correctamente
08:19:36 PM: DEBUG [conexion.py:26] Se obtuvo pool correctamente
08:20:13 PM: DEBUG [conexion.py:26] Se obtuvo pool correctamente
08:20:42 PM: DEBUG [conexion.py:26] Se obtuvo pool correctamente
08:40:11 PM: DEBUG [conexion.py:26] Se obtuvo pool correctamente
09:08:52 PM: DEBUG [conexion.py:26] Se obtuvo pool correctamente
09:08:58 PM: DEBUG [conexion.py:26] Se obtuvo pool correctamente
09:16:55 PM: DEBUG [conexion.py:26] Se obtuvo pool correctamente
09:17:50 PM: DEBUG [conexion.py:26] Se obtuvo pool correctamente
09:20:13 PM: DEBUG [conexion.py:26] Se obtuvo pool correctamente
09:30:46 PM: DEBUG [conexion.py:26] Se obtuvo pool correctamente
09:31:04 PM: DEBUG [conexion.py:26] Se obtuvo pool correctamente
09:31:29 PM: DEBUG [conexion.py:26] Se obtuvo pool correctamente
09:32:21 PM: DEBUG [conexion.py:26] Se obtuvo pool correctamente
09:32:29 PM: DEBUG [conexion.py:26] Se obtuvo pool correctamente
09:33:05 PM: DEBUG [conexion.py:26] Se obtuvo pool correctamente
09:33:30 PM: DEBUG [conexion.py:26] Se obtuvo pool correctamente
09:33:41 PM: DEBUG [conexion.py:26] Se obtuvo pool correctamente
09:35:27 PM: DEBUG [conexion.py:26] Se obtuvo pool correctamente
09:36:30 PM: DEBUG [conexion.py:26] Se obtuvo pool correctamente
09:41:32 PM: DEBUG [conexion.py:26] Se obtuvo pool correctamente
09:42:48 PM: DEBUG [conexion.py:26] Se obtuvo pool correctamente
09:45:43 PM: DEBUG [conexion.py:26] Se obtuvo pool correctamente
09:49:41 PM: DEBUG [conexion.py:26] Se obtuvo pool correctamente
10:01:13 PM: DEBUG [conexion.py:26] Se obtuvo pool correctamente
10:09:15 PM: DEBUG [conexion.py:26] Se obtuvo pool correctamente
10:10:24 PM: DEBUG [conexion.py:26] Se obtuvo pool correctamente
10:10:39 PM: DEBUG [transaction_dao.py:57] Nueva transaction realizada con exito (1, 'gasto', 1, '200', datetime.datetime(2024, 9, 21, 22, 10, 39, 778730), 'Compra detergente')
10:11:37 PM: DEBUG [conexion.py:26] Se obtuvo pool correctamente
10:13:45 PM: DEBUG [conexion.py:26] Se obtuvo pool correctamente
10:14:01 PM: DEBUG [conexion.py:26] Se obtuvo pool correctamente
10:14:11 PM: DEBUG [conexion.py:26] Se obtuvo pool correctamente
10:14:33 PM: DEBUG [conexion.py:26] Se obtuvo pool correctamente
10:16:19 PM: DEBUG [conexion.py:26] Se obtuvo pool correctamente
10:21:23 PM: DEBUG [conexion.py:26] Se obtuvo pool correctamente
10:21:48 PM: DEBUG [conexion.py:26] Se obtuvo pool correctamente
10:23:02 PM: DEBUG [conexion.py:26] Se obtuvo pool correctamente
10:23:18 PM: DEBUG [conexion.py:26] Se obtuvo pool correctamente
10:23:55 PM: DEBUG [conexion.py:26] Se obtuvo pool correctamente
10:24:22 PM: DEBUG [conexion.py:26] Se obtuvo pool correctamente
10:25:22 PM: DEBUG [conexion.py:26] Se obtuvo pool correctamente
10:25:35 PM: DEBUG [conexion.py:26] Se obtuvo pool correctamente
10:26:40 PM: DEBUG [conexion.py:26] Se obtuvo pool correctamente
10:28:03 PM: DEBUG [conexion.py:26] Se obtuvo pool correctamente
10:41:55 PM: DEBUG [conexion.py:26] Se obtuvo pool correctamente
10:46:30 PM: DEBUG [conexion.py:26] Se obtuvo pool correctamente
10:47:42 PM: DEBUG [conexion.py:26] Se obtuvo pool correctamente
10:48:09 PM: DEBUG [conexion.py:26] Se obtuvo pool correctamente
10:53:50 PM: DEBUG [conexion.py:26] Se obtuvo pool correctamente
10:56:06 PM: DEBUG [conexion.py:26] Se obtuvo pool correctamente
10:56:21 PM: DEBUG [conexion.py:26] Se obtuvo pool correctamente
10:59:35 PM: DEBUG [conexion.py:26] Se obtuvo pool correctamente
11:07:22 PM: DEBUG [conexion.py:26] Se obtuvo pool correctamente
11:10:48 PM: DEBUG [conexion.py:26] Se obtuvo pool correctamente
11:13:16 PM: DEBUG [conexion.py:26] Se obtuvo pool correctamente
11:13:38 PM: DEBUG [conexion.py:26] Se obtuvo pool correctamente
11:15:03 PM: DEBUG [conexion.py:26] Se obtuvo pool correctamente
11:15:50 PM: DEBUG [conexion.py:26] Se obtuvo pool correctamente
11:19:40 PM: DEBUG [conexion.py:26] Se obtuvo pool correctamente
11:20:29 PM: DEBUG [conexion.py:26] Se obtuvo pool correctamente
11:23:43 PM: DEBUG [conexion.py:26] Se obtuvo pool correctamente
11:24:54 PM: DEBUG [conexion.py:26] Se obtuvo pool correctamente
11:25:42 PM: DEBUG [conexion.py:26] Se obtuvo pool correctamente
11:26:13 PM: DEBUG [transaction_dao.py:81] Transaction Actualizad correctamente ('gasto', 2, '600', 'Yummy', '9')
11:26:23 PM: DEBUG [conexion.py:26] Se obtuvo pool correctamente
11:29:31 PM: DEBUG [conexion.py:26] Se obtuvo pool correctamente
11:30:54 PM: DEBUG [conexion.py:26] Se obtuvo pool correctamente
11:31:34 PM: DEBUG [conexion.py:26] Se obtuvo pool correctamente
11:40:12 PM: DEBUG [conexion.py:26] Se obtuvo pool correctamente
11:41:27 PM: DEBUG [conexion.py:26] Se obtuvo pool correctamente
11:42:26 PM: DEBUG [conexion.py:26] Se obtuvo pool correctamente
11:44:11 PM: DEBUG [conexion.py:26] Se obtuvo pool correctamente
11:44:40 PM: DEBUG [conexion.py:26] Se obtuvo pool correctamente
11:45:11 PM: DEBUG [conexion.py:26] Se obtuvo pool correctamente
